{"D:\\ANKO\\anko-js-customer-project\\src\\Entities\\Person.js": {"path":"D:\\ANKO\\anko-js-customer-project\\src\\Entities\\Person.js","all":false,"statementMap":{"0":{"start":{"line":1,"column":0},"end":{"line":1,"column":38}},"1":{"start":{"line":2,"column":0},"end":{"line":2,"column":38}},"2":{"start":{"line":3,"column":0},"end":{"line":3,"column":35}},"3":{"start":{"line":4,"column":0},"end":{"line":4,"column":33}},"4":{"start":{"line":5,"column":0},"end":{"line":5,"column":5}},"5":{"start":{"line":6,"column":0},"end":{"line":6,"column":1}}},"s":{"0":1,"1":1,"2":3,"3":3,"4":3,"5":1},"branchMap":{"0":{"type":"branch","line":2,"loc":{"start":{"line":2,"column":4},"end":{"line":5,"column":5}},"locations":[{"start":{"line":2,"column":4},"end":{"line":5,"column":5}}]}},"b":{"0":[3]},"fnMap":{"0":{"name":"Person","decl":{"start":{"line":2,"column":4},"end":{"line":5,"column":5}},"loc":{"start":{"line":2,"column":4},"end":{"line":5,"column":5}},"line":2}},"f":{"0":3}}
}
