{"D:\\ANKO\\anko-js-customer-project\\config\\constants.js": {"path":"D:\\ANKO\\anko-js-customer-project\\config\\constants.js","all":false,"statementMap":{"0":{"start":{"line":1,"column":0},"end":{"line":1,"column":19}},"1":{"start":{"line":2,"column":0},"end":{"line":2,"column":45}},"2":{"start":{"line":3,"column":0},"end":{"line":3,"column":43}},"3":{"start":{"line":4,"column":0},"end":{"line":4,"column":39}},"4":{"start":{"line":5,"column":0},"end":{"line":5,"column":47}},"5":{"start":{"line":6,"column":0},"end":{"line":6,"column":55}},"6":{"start":{"line":7,"column":0},"end":{"line":7,"column":50}},"7":{"start":{"line":8,"column":0},"end":{"line":8,"column":41}},"8":{"start":{"line":9,"column":0},"end":{"line":9,"column":1}},"9":{"start":{"line":10,"column":0},"end":{"line":10,"column":0}},"10":{"start":{"line":11,"column":0},"end":{"line":11,"column":39}}},"s":{"0":1,"1":1,"2":1,"3":1,"4":1,"5":1,"6":1,"7":1,"8":1,"9":1,"10":1},"branchMap":{},"b":{},"fnMap":{},"f":{}}
,"D:\\ANKO\\anko-js-customer-project\\src\\Entities\\Address.js": {"path":"D:\\ANKO\\anko-js-customer-project\\src\\Entities\\Address.js","all":false,"statementMap":{"0":{"start":{"line":1,"column":0},"end":{"line":1,"column":40}},"1":{"start":{"line":2,"column":0},"end":{"line":2,"column":90}},"2":{"start":{"line":3,"column":0},"end":{"line":3,"column":39}},"3":{"start":{"line":4,"column":0},"end":{"line":4,"column":41}},"4":{"start":{"line":5,"column":0},"end":{"line":5,"column":39}},"5":{"start":{"line":6,"column":0},"end":{"line":6,"column":25}},"6":{"start":{"line":7,"column":0},"end":{"line":7,"column":37}},"7":{"start":{"line":8,"column":0},"end":{"line":8,"column":27}},"8":{"start":{"line":9,"column":0},"end":{"line":9,"column":31}},"9":{"start":{"line":10,"column":0},"end":{"line":10,"column":5}},"10":{"start":{"line":11,"column":0},"end":{"line":11,"column":1}}},"s":{"0":1,"1":1,"2":12,"3":12,"4":12,"5":12,"6":12,"7":12,"8":12,"9":12,"10":1},"branchMap":{"0":{"type":"branch","line":2,"loc":{"start":{"line":2,"column":4},"end":{"line":10,"column":5}},"locations":[{"start":{"line":2,"column":4},"end":{"line":10,"column":5}}]}},"b":{"0":[12]},"fnMap":{"0":{"name":"Address","decl":{"start":{"line":2,"column":4},"end":{"line":10,"column":5}},"loc":{"start":{"line":2,"column":4},"end":{"line":10,"column":5}},"line":2}},"f":{"0":12}}
,"D:\\ANKO\\anko-js-customer-project\\src\\Entities\\Customer.js": {"path":"D:\\ANKO\\anko-js-customer-project\\src\\Entities\\Customer.js","all":false,"statementMap":{"0":{"start":{"line":1,"column":0},"end":{"line":1,"column":37}},"1":{"start":{"line":2,"column":0},"end":{"line":2,"column":0}},"2":{"start":{"line":3,"column":0},"end":{"line":3,"column":57}},"3":{"start":{"line":4,"column":0},"end":{"line":4,"column":119}},"4":{"start":{"line":5,"column":0},"end":{"line":5,"column":35}},"5":{"start":{"line":6,"column":0},"end":{"line":6,"column":43}},"6":{"start":{"line":7,"column":0},"end":{"line":7,"column":39}},"7":{"start":{"line":8,"column":0},"end":{"line":8,"column":27}},"8":{"start":{"line":9,"column":0},"end":{"line":9,"column":27}},"9":{"start":{"line":10,"column":0},"end":{"line":10,"column":57}},"10":{"start":{"line":11,"column":0},"end":{"line":11,"column":49}},"11":{"start":{"line":12,"column":0},"end":{"line":12,"column":5}},"12":{"start":{"line":13,"column":0},"end":{"line":13,"column":1}}},"s":{"0":1,"1":1,"2":1,"3":1,"4":6,"5":6,"6":6,"7":6,"8":6,"9":6,"10":6,"11":6,"12":1},"branchMap":{"0":{"type":"branch","line":4,"loc":{"start":{"line":4,"column":4},"end":{"line":12,"column":5}},"locations":[{"start":{"line":4,"column":4},"end":{"line":12,"column":5}}]}},"b":{"0":[6]},"fnMap":{"0":{"name":"Customer","decl":{"start":{"line":4,"column":4},"end":{"line":12,"column":5}},"loc":{"start":{"line":4,"column":4},"end":{"line":12,"column":5}},"line":4}},"f":{"0":6}}
,"D:\\ANKO\\anko-js-customer-project\\src\\Entities\\Person.js": {"path":"D:\\ANKO\\anko-js-customer-project\\src\\Entities\\Person.js","all":false,"statementMap":{"0":{"start":{"line":1,"column":0},"end":{"line":1,"column":38}},"1":{"start":{"line":2,"column":0},"end":{"line":2,"column":38}},"2":{"start":{"line":3,"column":0},"end":{"line":3,"column":35}},"3":{"start":{"line":4,"column":0},"end":{"line":4,"column":33}},"4":{"start":{"line":5,"column":0},"end":{"line":5,"column":5}},"5":{"start":{"line":6,"column":0},"end":{"line":6,"column":1}}},"s":{"0":1,"1":1,"2":9,"3":9,"4":9,"5":1},"branchMap":{"0":{"type":"branch","line":2,"loc":{"start":{"line":2,"column":4},"end":{"line":5,"column":5}},"locations":[{"start":{"line":2,"column":4},"end":{"line":5,"column":5}}]}},"b":{"0":[9]},"fnMap":{"0":{"name":"Person","decl":{"start":{"line":2,"column":4},"end":{"line":5,"column":5}},"loc":{"start":{"line":2,"column":4},"end":{"line":5,"column":5}},"line":2}},"f":{"0":9}}
,"D:\\ANKO\\anko-js-customer-project\\src\\Validators\\CustomerValidator.js": {"path":"D:\\ANKO\\anko-js-customer-project\\src\\Validators\\CustomerValidator.js","all":false,"statementMap":{"0":{"start":{"line":1,"column":0},"end":{"line":1,"column":56}},"1":{"start":{"line":2,"column":0},"end":{"line":2,"column":0}},"2":{"start":{"line":3,"column":0},"end":{"line":3,"column":60}},"3":{"start":{"line":4,"column":0},"end":{"line":4,"column":18}},"4":{"start":{"line":5,"column":0},"end":{"line":5,"column":22}},"5":{"start":{"line":6,"column":0},"end":{"line":6,"column":20}},"6":{"start":{"line":7,"column":0},"end":{"line":7,"column":53}},"7":{"start":{"line":8,"column":0},"end":{"line":8,"column":73}},"8":{"start":{"line":9,"column":0},"end":{"line":9,"column":0}},"9":{"start":{"line":10,"column":0},"end":{"line":10,"column":33}},"10":{"start":{"line":11,"column":0},"end":{"line":11,"column":0}},"11":{"start":{"line":12,"column":0},"end":{"line":12,"column":41}},"12":{"start":{"line":13,"column":0},"end":{"line":13,"column":56}},"13":{"start":{"line":14,"column":0},"end":{"line":14,"column":5}},"14":{"start":{"line":15,"column":0},"end":{"line":15,"column":4}},"15":{"start":{"line":16,"column":0},"end":{"line":16,"column":62}},"16":{"start":{"line":17,"column":0},"end":{"line":17,"column":54}},"17":{"start":{"line":18,"column":0},"end":{"line":18,"column":47}},"18":{"start":{"line":19,"column":0},"end":{"line":19,"column":57}},"19":{"start":{"line":20,"column":0},"end":{"line":20,"column":8}},"20":{"start":{"line":21,"column":0},"end":{"line":21,"column":44}},"21":{"start":{"line":22,"column":0},"end":{"line":22,"column":53}},"22":{"start":{"line":23,"column":0},"end":{"line":23,"column":5}},"23":{"start":{"line":24,"column":0},"end":{"line":24,"column":56}},"24":{"start":{"line":25,"column":0},"end":{"line":25,"column":59}},"25":{"start":{"line":26,"column":0},"end":{"line":26,"column":5}},"26":{"start":{"line":27,"column":0},"end":{"line":27,"column":44}},"27":{"start":{"line":28,"column":0},"end":{"line":28,"column":53}},"28":{"start":{"line":29,"column":0},"end":{"line":29,"column":5}},"29":{"start":{"line":30,"column":0},"end":{"line":30,"column":34}},"30":{"start":{"line":31,"column":0},"end":{"line":31,"column":51}},"31":{"start":{"line":32,"column":0},"end":{"line":32,"column":5}},"32":{"start":{"line":33,"column":0},"end":{"line":33,"column":18}},"33":{"start":{"line":34,"column":0},"end":{"line":34,"column":3}},"34":{"start":{"line":35,"column":0},"end":{"line":35,"column":2}}},"s":{"0":1,"1":1,"2":1,"3":1,"4":1,"5":5,"6":5,"7":5,"8":5,"9":5,"10":4,"11":5,"12":1,"13":1,"14":4,"15":5,"16":3,"17":3,"18":1,"19":1,"20":5,"21":1,"22":1,"23":5,"24":1,"25":1,"26":5,"27":1,"28":1,"29":5,"30":1,"31":1,"32":4,"33":4,"34":1},"branchMap":{"0":{"type":"branch","line":4,"loc":{"start":{"line":4,"column":2},"end":{"line":4,"column":18}},"locations":[{"start":{"line":4,"column":2},"end":{"line":4,"column":18}}]},"1":{"type":"branch","line":5,"loc":{"start":{"line":5,"column":2},"end":{"line":34,"column":3}},"locations":[{"start":{"line":5,"column":2},"end":{"line":34,"column":3}}]},"2":{"type":"branch","line":10,"loc":{"start":{"line":10,"column":19},"end":{"line":10,"column":26}},"locations":[{"start":{"line":10,"column":19},"end":{"line":10,"column":26}}]},"3":{"type":"branch","line":10,"loc":{"start":{"line":10,"column":19},"end":{"line":12,"column":8}},"locations":[{"start":{"line":10,"column":19},"end":{"line":12,"column":8}}]},"4":{"type":"branch","line":12,"loc":{"start":{"line":12,"column":40},"end":{"line":14,"column":5}},"locations":[{"start":{"line":12,"column":40},"end":{"line":14,"column":5}}]},"5":{"type":"branch","line":15,"loc":{"start":{"line":15,"column":-2},"end":{"line":16,"column":9}},"locations":[{"start":{"line":15,"column":-2},"end":{"line":16,"column":9}}]},"6":{"type":"branch","line":16,"loc":{"start":{"line":16,"column":8},"end":{"line":16,"column":61}},"locations":[{"start":{"line":16,"column":8},"end":{"line":16,"column":61}}]},"7":{"type":"branch","line":16,"loc":{"start":{"line":16,"column":61},"end":{"line":18,"column":11}},"locations":[{"start":{"line":16,"column":61},"end":{"line":18,"column":11}}]},"8":{"type":"branch","line":16,"loc":{"start":{"line":16,"column":4},"end":{"line":20,"column":8}},"locations":[{"start":{"line":16,"column":4},"end":{"line":20,"column":8}}]},"9":{"type":"branch","line":18,"loc":{"start":{"line":18,"column":46},"end":{"line":20,"column":8}},"locations":[{"start":{"line":18,"column":46},"end":{"line":20,"column":8}}]},"10":{"type":"branch","line":20,"loc":{"start":{"line":20,"column":7},"end":{"line":21,"column":8}},"locations":[{"start":{"line":20,"column":7},"end":{"line":21,"column":8}}]},"11":{"type":"branch","line":21,"loc":{"start":{"line":21,"column":43},"end":{"line":23,"column":5}},"locations":[{"start":{"line":21,"column":43},"end":{"line":23,"column":5}}]},"12":{"type":"branch","line":24,"loc":{"start":{"line":24,"column":-2},"end":{"line":24,"column":8}},"locations":[{"start":{"line":24,"column":-2},"end":{"line":24,"column":8}}]},"13":{"type":"branch","line":24,"loc":{"start":{"line":24,"column":55},"end":{"line":26,"column":5}},"locations":[{"start":{"line":24,"column":55},"end":{"line":26,"column":5}}]},"14":{"type":"branch","line":27,"loc":{"start":{"line":27,"column":-2},"end":{"line":27,"column":8}},"locations":[{"start":{"line":27,"column":-2},"end":{"line":27,"column":8}}]},"15":{"type":"branch","line":27,"loc":{"start":{"line":27,"column":43},"end":{"line":29,"column":5}},"locations":[{"start":{"line":27,"column":43},"end":{"line":29,"column":5}}]},"16":{"type":"branch","line":30,"loc":{"start":{"line":30,"column":-2},"end":{"line":30,"column":8}},"locations":[{"start":{"line":30,"column":-2},"end":{"line":30,"column":8}}]},"17":{"type":"branch","line":30,"loc":{"start":{"line":30,"column":33},"end":{"line":32,"column":5}},"locations":[{"start":{"line":30,"column":33},"end":{"line":32,"column":5}}]},"18":{"type":"branch","line":33,"loc":{"start":{"line":33,"column":-2},"end":{"line":34,"column":3}},"locations":[{"start":{"line":33,"column":-2},"end":{"line":34,"column":3}}]}},"b":{"0":[5],"1":[5],"2":[1],"3":[4],"4":[1],"5":[4],"6":[3],"7":[1],"8":[3],"9":[1],"10":[4],"11":[1],"12":[4],"13":[1],"14":[4],"15":[1],"16":[4],"17":[1],"18":[4]},"fnMap":{"0":{"name":"CustomerValidator","decl":{"start":{"line":4,"column":2},"end":{"line":4,"column":18}},"loc":{"start":{"line":4,"column":2},"end":{"line":4,"column":18}},"line":4},"1":{"name":"Validate","decl":{"start":{"line":5,"column":2},"end":{"line":34,"column":3}},"loc":{"start":{"line":5,"column":2},"end":{"line":34,"column":3}},"line":5}},"f":{"0":5,"1":5}}
}
