TN:
SF:config\constants.js
FNF:0
FNH:0
DA:1,1
DA:2,1
DA:3,1
DA:4,1
DA:5,1
DA:6,1
DA:7,1
DA:8,1
DA:9,1
DA:10,1
DA:11,1
LF:11
LH:11
BRF:0
BRH:0
end_of_record
TN:
SF:src\Entities\Address.js
FN:2,Address
FNF:1
FNH:1
FNDA:2,Address
DA:1,1
DA:2,1
DA:3,2
DA:4,2
DA:5,2
DA:6,2
DA:7,2
DA:8,2
DA:9,2
DA:10,2
DA:11,1
LF:11
LH:11
BRDA:2,0,0,2
BRF:1
BRH:1
end_of_record
TN:
SF:src\Entities\Customer.js
FN:4,Customer
FNF:1
FNH:1
FNDA:4,Customer
DA:1,1
DA:2,1
DA:3,1
DA:4,1
DA:5,4
DA:6,4
DA:7,4
DA:8,4
DA:9,4
DA:10,4
DA:11,4
DA:12,4
DA:13,1
LF:13
LH:13
BRDA:4,0,0,4
BRF:1
BRH:1
end_of_record
TN:
SF:src\Validators\CustomerValidator.js
FN:4,CustomerValidator
FN:5,Validate
FNF:2
FNH:2
FNDA:5,CustomerValidator
FNDA:5,Validate
DA:1,1
DA:2,1
DA:3,1
DA:4,1
DA:5,1
DA:6,5
DA:7,5
DA:8,5
DA:9,5
DA:10,5
DA:11,4
DA:12,5
DA:13,1
DA:14,1
DA:15,4
DA:16,5
DA:17,3
DA:18,3
DA:19,1
DA:20,1
DA:21,5
DA:22,1
DA:23,1
DA:24,5
DA:25,1
DA:26,1
DA:27,5
DA:28,1
DA:29,1
DA:30,5
DA:31,1
DA:32,1
DA:33,4
DA:34,4
DA:35,1
LF:35
LH:35
BRDA:4,0,0,5
BRDA:5,1,0,5
BRDA:10,2,0,1
BRDA:10,3,0,4
BRDA:12,4,0,1
BRDA:15,5,0,4
BRDA:16,6,0,3
BRDA:16,7,0,1
BRDA:16,8,0,3
BRDA:18,9,0,1
BRDA:20,10,0,4
BRDA:21,11,0,1
BRDA:24,12,0,4
BRDA:24,13,0,1
BRDA:27,14,0,4
BRDA:27,15,0,1
BRDA:30,16,0,4
BRDA:30,17,0,1
BRDA:33,18,0,4
BRF:19
BRH:19
end_of_record
